Using pre-set license
Built from '2021.1/staging' branch; Version is '2021.1.15f1 (e767a7370072) revision 15165351'; Using compiler version '192528614'; Build Type 'Release'
OS: 'Windows 10 Home; OS build 19042.1165; Version 2009; 64bit' Language: 'en' Physical Memory: 16187 MB
BatchMode: 1, IsHumanControllingUs: 0, StartBugReporterOnCrash: 0, Is64bit: 1, IsPro: 0

 COMMAND LINE ARGUMENTS:
C:\Program Files\Unity Versions\Unity 2021.1.15f1\Editor\Unity.exe
-adb2
-batchMode
-noUpm
-name
AssetImportWorker0
-projectPath
C:/Users/Rayne/OneDrive/Documents/UnitySystems/UnitySystems
-logFile
Logs/AssetImportWorker0.log
-srvPort
56052
Successfully changed project path to: C:/Users/Rayne/OneDrive/Documents/UnitySystems/UnitySystems
C:/Users/Rayne/OneDrive/Documents/UnitySystems/UnitySystems
Using Asset Import Pipeline V2.
Refreshing native plugins compatible for Editor in 260.76 ms, found 3 plugins.
Preloading 0 native plugins for Editor in 0.00 ms.
Initialize engine version: 2021.1.15f1 (e767a7370072)
[Subsystems] Discovering subsystems at path C:/Program Files/Unity Versions/Unity 2021.1.15f1/Editor/Data/Resources/UnitySubsystems
[Subsystems] Discovering subsystems at path C:/Users/Rayne/OneDrive/Documents/UnitySystems/UnitySystems/Assets
GfxDevice: creating device client; threaded=0; jobified=0
Direct3D:
    Version:  Direct3D 11.0 [level 11.1]
    Renderer: NVIDIA GeForce MX250 (ID=0x1d13)
    Vendor:   NVIDIA
    VRAM:     4027 MB
    Driver:   27.21.14.6280
Initialize mono
Mono path[0] = 'C:/Program Files/Unity Versions/Unity 2021.1.15f1/Editor/Data/Managed'
Mono path[1] = 'C:/Program Files/Unity Versions/Unity 2021.1.15f1/Editor/Data/MonoBleedingEdge/lib/mono/unityjit'
Mono config path = 'C:/Program Files/Unity Versions/Unity 2021.1.15f1/Editor/Data/MonoBleedingEdge/etc'
Using monoOptions --debugger-agent=transport=dt_socket,embedding=1,server=y,suspend=n,address=127.0.0.1:56388
Begin MonoManager ReloadAssembly
Registering precompiled unity dll's ...
Register platform support module: C:/Program Files/Unity Versions/Unity 2021.1.15f1/Editor/Data/PlaybackEngines/WindowsStandaloneSupport/UnityEditor.WindowsStandalone.Extensions.dll
Registered in 0.008388 seconds.
Native extension for WindowsStandalone target not found
Refreshing native plugins compatible for Editor in 288.92 ms, found 3 plugins.
Preloading 0 native plugins for Editor in 0.00 ms.
Mono: successfully reloaded assembly
- Completed reload, in  4.563 seconds
Domain Reload Profiling:
	ReloadAssembly (4563ms)
		BeginReloadAssembly (253ms)
			ExecutionOrderSort (0ms)
			DisableScriptedObjects (0ms)
			BackupInstance (0ms)
			ReleaseScriptingObjects (0ms)
			CreateAndSetChildDomain (2ms)
		EndReloadAssembly (1740ms)
			LoadAssemblies (246ms)
			RebuildTransferFunctionScriptingTraits (0ms)
			SetupTypeCache (674ms)
			ReleaseScriptCaches (0ms)
			RebuildScriptCaches (114ms)
			SetupLoadedEditorAssemblies (789ms)
				LogAssemblyErrors (0ms)
				InitializePlatformSupportModulesInManaged (22ms)
				SetLoadedEditorAssemblies (1ms)
				RefreshPlugins (289ms)
				BeforeProcessingInitializeOnLoad (4ms)
				ProcessInitializeOnLoadAttributes (360ms)
				ProcessInitializeOnLoadMethodAttributes (112ms)
				AfterProcessingInitializeOnLoad (0ms)
				EditorAssembliesLoaded (1ms)
			ExecutionOrderSort2 (0ms)
			AwakeInstancesAfterBackupRestoration (0ms)
Platform modules already initialized, skipping
Registering precompiled user dll's ...
Registered in 0.025934 seconds.
Begin MonoManager ReloadAssembly
Symbol file LoadedFromMemory doesn't match image C:\Users\Rayne\OneDrive\Documents\UnitySystems\UnitySystems\Library\PackageCache\com.unity.visualscripting@1.6.1\Editor\VisualScripting.Core\Dependencies\YamlDotNet\Unity.VisualScripting.YamlDotNet.dll
Symbol file LoadedFromMemory doesn't match image C:\Users\Rayne\OneDrive\Documents\UnitySystems\UnitySystems\Library\PackageCache\com.unity.visualscripting@1.6.1\Editor\VisualScripting.Core\Dependencies\DotNetZip\Unity.VisualScripting.IonicZip.dll
Native extension for WindowsStandalone target not found
Refreshing native plugins compatible for Editor in 1.77 ms, found 3 plugins.
Preloading 0 native plugins for Editor in 0.00 ms.
Mono: successfully reloaded assembly
- Completed reload, in  3.677 seconds
Domain Reload Profiling:
	ReloadAssembly (3678ms)
		BeginReloadAssembly (564ms)
			ExecutionOrderSort (0ms)
			DisableScriptedObjects (17ms)
			BackupInstance (0ms)
			ReleaseScriptingObjects (0ms)
			CreateAndSetChildDomain (56ms)
		EndReloadAssembly (2890ms)
			LoadAssemblies (324ms)
			RebuildTransferFunctionScriptingTraits (0ms)
			SetupTypeCache (1204ms)
			ReleaseScriptCaches (1ms)
			RebuildScriptCaches (179ms)
			SetupLoadedEditorAssemblies (880ms)
				LogAssemblyErrors (0ms)
				InitializePlatformSupportModulesInManaged (13ms)
				SetLoadedEditorAssemblies (1ms)
				RefreshPlugins (2ms)
				BeforeProcessingInitializeOnLoad (158ms)
				ProcessInitializeOnLoadAttributes (657ms)
				ProcessInitializeOnLoadMethodAttributes (18ms)
				AfterProcessingInitializeOnLoad (30ms)
				EditorAssembliesLoaded (1ms)
			ExecutionOrderSort2 (0ms)
			AwakeInstancesAfterBackupRestoration (26ms)
Platform modules already initialized, skipping
========================================================================
Worker process is ready to serve import requests
Launched and connected shader compiler UnityShaderCompiler.exe after 0.09 seconds
Refreshing native plugins compatible for Editor in 0.87 ms, found 3 plugins.
Preloading 0 native plugins for Editor in 0.00 ms.
Unloading 2942 Unused Serialized files (Serialized files now loaded: 0)
System memory in use before: 105.6 MB.
System memory in use after: 105.8 MB.

Unloading 23 unused Assets to reduce memory usage. Loaded Objects now: 3386.
Total: 4.951200 ms (FindLiveObjects: 0.454900 ms CreateObjectMapping: 0.184400 ms MarkObjects: 4.147800 ms  DeleteObjects: 0.161100 ms)

AssetImportParameters requested are different than current active one (requested -> active):
  custom:framework-win-MediaFoundation: 216162199b28c13a410421893ffa2e32 -> 
  custom:video-decoder-ogg-theora: a1e56fd34408186e4bbccfd4996cb3dc -> 
  custom:container-muxer-webm: aa71ff27fc2769a1b78a27578f13a17b -> 
  custom:container-demuxer-webm: 4f35f7cbe854078d1ac9338744f61a02 -> 
  custom:container-demuxer-ogg: 62fdf1f143b41e24485cea50d1cbac27 -> 
  custom:video-encoder-webm-vp8: eb34c28f22e8b96e1ab97ce403110664 -> 
  custom:video-decoder-webm-vp8: 9c59270c3fd7afecdb556c50c9e8de78 -> 
  custom:audio-decoder-ogg-vorbis: bf7c407c2cedff20999df2af8eb42d56 -> 
  custom:audio-encoder-webm-vorbis: bf7c407c2cedff20999df2af8eb42d56 -> 
========================================================================
Received Import Request.
  path: Assets
  artifactKey: Guid(00000000000000001000000000000000) Importer(815301076,1909f56bfc062723c751e8b465ee728b)
Start importing Assets using Guid(00000000000000001000000000000000) Importer(815301076,1909f56bfc062723c751e8b465ee728b)  -> (artifact id: '42d402b061de3733987d63b9cc3b64de') in 0.013537 seconds 
========================================================================
Received Import Request.
  Time since last request: 43.803068 seconds.
  path: Assets/New Folder
  artifactKey: Guid(cfd7a573d0b158947b0d083f38b4392d) Importer(815301076,1909f56bfc062723c751e8b465ee728b)
Start importing Assets/New Folder using Guid(cfd7a573d0b158947b0d083f38b4392d) Importer(815301076,1909f56bfc062723c751e8b465ee728b)  -> (artifact id: 'e7d9b656783f0040c6ece3327a1e3cd3') in 0.003637 seconds 
========================================================================
Received Import Request.
  Time since last request: 28.596720 seconds.
  path: Assets/Volume_Slider
  artifactKey: Guid(cfd7a573d0b158947b0d083f38b4392d) Importer(815301076,1909f56bfc062723c751e8b465ee728b)
Start importing Assets/Volume_Slider using Guid(cfd7a573d0b158947b0d083f38b4392d) Importer(815301076,1909f56bfc062723c751e8b465ee728b)  -> (artifact id: 'e29b2b4e5e55502252f7a44ee54d0390') in 0.026933 seconds 
========================================================================
Received Import Request.
  Time since last request: 25.383746 seconds.
  path: Assets/Dynamic_Footsteps
  artifactKey: Guid(b0ded57b457d11b409419b0a41654d60) Importer(815301076,1909f56bfc062723c751e8b465ee728b)
Start importing Assets/Dynamic_Footsteps using Guid(b0ded57b457d11b409419b0a41654d60) Importer(815301076,1909f56bfc062723c751e8b465ee728b)  -> (artifact id: '343a35846add936b75927223bb6bed06') in 0.003945 seconds 
========================================================================
Received Import Request.
  Time since last request: 119.364306 seconds.
  path: Assets/Journal_System
  artifactKey: Guid(2f242a5b6be384243908d3ac6ba554b9) Importer(815301076,1909f56bfc062723c751e8b465ee728b)
Start importing Assets/Journal_System using Guid(2f242a5b6be384243908d3ac6ba554b9) Importer(815301076,1909f56bfc062723c751e8b465ee728b)  -> (artifact id: '835c762e1b6c0420b42056e4a95dbf81') in 0.003979 seconds 
========================================================================
Received Import Request.
  Time since last request: 2.450848 seconds.
  path: Assets/Scenes
  artifactKey: Guid(08179f46a6fb0f146bfe5fe5cffb0f6a) Importer(815301076,1909f56bfc062723c751e8b465ee728b)
Start importing Assets/Scenes using Guid(08179f46a6fb0f146bfe5fe5cffb0f6a) Importer(815301076,1909f56bfc062723c751e8b465ee728b)  -> (artifact id: '31e0c0e5986d97d119f69a1901de9a54') in 0.008094 seconds 
========================================================================
Received Prepare
Registering precompiled user dll's ...
Registered in 0.009969 seconds.
Begin MonoManager ReloadAssembly
Symbol file LoadedFromMemory doesn't match image C:\Users\Rayne\OneDrive\Documents\UnitySystems\UnitySystems\Library\PackageCache\com.unity.visualscripting@1.6.1\Editor\VisualScripting.Core\Dependencies\YamlDotNet\Unity.VisualScripting.YamlDotNet.dll
Symbol file LoadedFromMemory doesn't match image C:\Users\Rayne\OneDrive\Documents\UnitySystems\UnitySystems\Library\PackageCache\com.unity.visualscripting@1.6.1\Editor\VisualScripting.Core\Dependencies\DotNetZip\Unity.VisualScripting.IonicZip.dll
Native extension for WindowsStandalone target not found
Refreshing native plugins compatible for Editor in 1.75 ms, found 3 plugins.
Preloading 0 native plugins for Editor in 0.00 ms.
Mono: successfully reloaded assembly
- Completed reload, in  2.321 seconds
Domain Reload Profiling:
	ReloadAssembly (2322ms)
		BeginReloadAssembly (186ms)
			ExecutionOrderSort (0ms)
			DisableScriptedObjects (6ms)
			BackupInstance (0ms)
			ReleaseScriptingObjects (0ms)
			CreateAndSetChildDomain (54ms)
		EndReloadAssembly (2022ms)
			LoadAssemblies (147ms)
			RebuildTransferFunctionScriptingTraits (0ms)
			SetupTypeCache (587ms)
			ReleaseScriptCaches (1ms)
			RebuildScriptCaches (76ms)
			SetupLoadedEditorAssemblies (825ms)
				LogAssemblyErrors (0ms)
				InitializePlatformSupportModulesInManaged (15ms)
				SetLoadedEditorAssemblies (2ms)
				RefreshPlugins (2ms)
				BeforeProcessingInitializeOnLoad (122ms)
				ProcessInitializeOnLoadAttributes (637ms)
				ProcessInitializeOnLoadMethodAttributes (21ms)
				AfterProcessingInitializeOnLoad (25ms)
				EditorAssembliesLoaded (1ms)
			ExecutionOrderSort2 (0ms)
			AwakeInstancesAfterBackupRestoration (27ms)
Platform modules already initialized, skipping
Refreshing native plugins compatible for Editor in 0.70 ms, found 3 plugins.
Preloading 0 native plugins for Editor in 0.00 ms.
Unloading 2938 Unused Serialized files (Serialized files now loaded: 0)
System memory in use before: 105.6 MB.
System memory in use after: 105.8 MB.

Unloading 18 unused Assets to reduce memory usage. Loaded Objects now: 3390.
Total: 3.428000 ms (FindLiveObjects: 0.225300 ms CreateObjectMapping: 0.134200 ms MarkObjects: 3.003400 ms  DeleteObjects: 0.063200 ms)

AssetImportParameters requested are different than current active one (requested -> active):
  custom:framework-win-MediaFoundation: 216162199b28c13a410421893ffa2e32 -> 
  custom:video-decoder-ogg-theora: a1e56fd34408186e4bbccfd4996cb3dc -> 
  custom:container-muxer-webm: aa71ff27fc2769a1b78a27578f13a17b -> 
  custom:container-demuxer-webm: 4f35f7cbe854078d1ac9338744f61a02 -> 
  custom:container-demuxer-ogg: 62fdf1f143b41e24485cea50d1cbac27 -> 
  custom:video-encoder-webm-vp8: eb34c28f22e8b96e1ab97ce403110664 -> 
  custom:video-decoder-webm-vp8: 9c59270c3fd7afecdb556c50c9e8de78 -> 
  custom:audio-decoder-ogg-vorbis: bf7c407c2cedff20999df2af8eb42d56 -> 
  custom:audio-encoder-webm-vorbis: bf7c407c2cedff20999df2af8eb42d56 -> 
========================================================================
Received Import Request.
  Time since last request: 358.582200 seconds.
  path: Assets/Volume_Slider/NewAudioMixer.mixer
  artifactKey: Guid(cb6e4ebcbdcf5b142a3ffc59bc5dca3f) Importer(815301076,1909f56bfc062723c751e8b465ee728b)
Start importing Assets/Volume_Slider/NewAudioMixer.mixer using Guid(cb6e4ebcbdcf5b142a3ffc59bc5dca3f) Importer(815301076,1909f56bfc062723c751e8b465ee728b)  -> (artifact id: 'ea3cfda89abbd0753ab478c8f620dd97') in 0.051581 seconds 
========================================================================
Received Import Request.
  Time since last request: 24.089754 seconds.
  path: Assets/Mixer.mixer
  artifactKey: Guid(3bab3a1be5a7134479fc422e2a43debf) Importer(815301076,1909f56bfc062723c751e8b465ee728b)
Start importing Assets/Mixer.mixer using Guid(3bab3a1be5a7134479fc422e2a43debf) Importer(815301076,1909f56bfc062723c751e8b465ee728b)  -> (artifact id: 'cc2344e6656aa038dfe0b9e8347b20e7') in 0.004527 seconds 
========================================================================
Received Import Request.
  Time since last request: 3.846549 seconds.
  path: Assets/Volume_Slider/Mixer.mixer
  artifactKey: Guid(3bab3a1be5a7134479fc422e2a43debf) Importer(815301076,1909f56bfc062723c751e8b465ee728b)
Start importing Assets/Volume_Slider/Mixer.mixer using Guid(3bab3a1be5a7134479fc422e2a43debf) Importer(815301076,1909f56bfc062723c751e8b465ee728b)  -> (artifact id: '640accf95e448e8a15e45aa114f50e90') in 0.003364 seconds 
========================================================================
Received Import Request.
  Time since last request: 10.588062 seconds.
  path: Assets/Volume_Slider/Master.mixer
  artifactKey: Guid(4b6508d136fd4f64f8a3008aac065704) Importer(815301076,1909f56bfc062723c751e8b465ee728b)
Start importing Assets/Volume_Slider/Master.mixer using Guid(4b6508d136fd4f64f8a3008aac065704) Importer(815301076,1909f56bfc062723c751e8b465ee728b)  -> (artifact id: 'fdfb3e9b64815144392847012f622522') in 0.008465 seconds 
========================================================================
Received Import Request.
  Time since last request: 172.125748 seconds.
  path: Assets/Volume_Slider/SampleScene.unity
  artifactKey: Guid(9fc0d4010bbf28b4594072e72b8655ab) Importer(815301076,1909f56bfc062723c751e8b465ee728b)
Start importing Assets/Volume_Slider/SampleScene.unity using Guid(9fc0d4010bbf28b4594072e72b8655ab) Importer(815301076,1909f56bfc062723c751e8b465ee728b)  -> (artifact id: '26d5116f9448d3a7d185fe317dc5342b') in 0.058509 seconds 
========================================================================
Received Import Request.
  Time since last request: 8.848007 seconds.
  path: Assets/Volume_Slider/Volume_Slider.unity
  artifactKey: Guid(9fc0d4010bbf28b4594072e72b8655ab) Importer(815301076,1909f56bfc062723c751e8b465ee728b)
Start importing Assets/Volume_Slider/Volume_Slider.unity using Guid(9fc0d4010bbf28b4594072e72b8655ab) Importer(815301076,1909f56bfc062723c751e8b465ee728b)  -> (artifact id: 'd7d871f86a8ad728e9d8c4b01fb0ff3b') in 0.004195 seconds 
AssetImportWorkerClient::OnTransportError - code=2 error=End of file
